<?xml version="1.0" encoding="UTF-8"?>
<testsuite xmlns:xsi="http://www.w3.org/2001/XMLSchema-instance" xsi:noNamespaceSchemaLocation="https://maven.apache.org/surefire/maven-surefire-plugin/xsd/surefire-test-report.xsd" name="cucumberOptions.TestRunner_b_signupuser" time="1.099" tests="5" errors="0" skipped="0" failures="0">
  <properties>
    <property name="java.specification.version" value="15"/>
    <property name="sun.cpu.isalist" value="amd64"/>
    <property name="sun.jnu.encoding" value="Cp1252"/>
    <property name="java.class.path" value="C:\Users\z003srtv\eclipse-workspace\java_API_Test\target\test-classes;C:\Users\z003srtv\eclipse-workspace\java_API_Test\target\classes;C:\Users\z003srtv\.m2\repository\junit\junit\4.11\junit-4.11.jar;C:\Users\z003srtv\.m2\repository\org\hamcrest\hamcrest-core\1.3\hamcrest-core-1.3.jar;C:\Users\z003srtv\.m2\repository\io\cucumber\cucumber-java\6.8.1\cucumber-java-6.8.1.jar;C:\Users\z003srtv\.m2\repository\org\apiguardian\apiguardian-api\1.1.0\apiguardian-api-1.1.0.jar;C:\Users\z003srtv\.m2\repository\io\cucumber\gherkin\15.0.2\gherkin-15.0.2.jar;C:\Users\z003srtv\.m2\repository\io\cucumber\messages\13.1.0\messages-13.1.0.jar;C:\Users\z003srtv\.m2\repository\io\cucumber\cucumber-junit\6.8.1\cucumber-junit-6.8.1.jar;C:\Users\z003srtv\.m2\repository\io\cucumber\cucumber-core\6.8.1\cucumber-core-6.8.1.jar;C:\Users\z003srtv\.m2\repository\io\cucumber\cucumber-gherkin\6.8.1\cucumber-gherkin-6.8.1.jar;C:\Users\z003srtv\.m2\repository\io\cucumber\cucumber-gherkin-messages\6.8.1\cucumber-gherkin-messages-6.8.1.jar;C:\Users\z003srtv\.m2\repository\io\cucumber\tag-expressions\3.0.0\tag-expressions-3.0.0.jar;C:\Users\z003srtv\.m2\repository\io\cucumber\cucumber-expressions\10.3.0\cucumber-expressions-10.3.0.jar;C:\Users\z003srtv\.m2\repository\io\cucumber\datatable\3.5.0\datatable-3.5.0.jar;C:\Users\z003srtv\.m2\repository\io\cucumber\cucumber-plugin\6.8.1\cucumber-plugin-6.8.1.jar;C:\Users\z003srtv\.m2\repository\io\cucumber\docstring\6.8.1\docstring-6.8.1.jar;C:\Users\z003srtv\.m2\repository\io\cucumber\html-formatter\9.0.0\html-formatter-9.0.0.jar;C:\Users\z003srtv\.m2\repository\io\cucumber\create-meta\2.0.2\create-meta-2.0.2.jar;C:\Users\z003srtv\.m2\repository\io\rest-assured\rest-assured\4.3.1\rest-assured-4.3.1.jar;C:\Users\z003srtv\.m2\repository\org\codehaus\groovy\groovy\3.0.3\groovy-3.0.3.jar;C:\Users\z003srtv\.m2\repository\org\codehaus\groovy\groovy-xml\3.0.3\groovy-xml-3.0.3.jar;C:\Users\z003srtv\.m2\repository\org\apache\httpcomponents\httpclient\4.5.3\httpclient-4.5.3.jar;C:\Users\z003srtv\.m2\repository\org\apache\httpcomponents\httpcore\4.4.6\httpcore-4.4.6.jar;C:\Users\z003srtv\.m2\repository\commons-logging\commons-logging\1.2\commons-logging-1.2.jar;C:\Users\z003srtv\.m2\repository\commons-codec\commons-codec\1.9\commons-codec-1.9.jar;C:\Users\z003srtv\.m2\repository\org\apache\httpcomponents\httpmime\4.5.3\httpmime-4.5.3.jar;C:\Users\z003srtv\.m2\repository\org\hamcrest\hamcrest\2.1\hamcrest-2.1.jar;C:\Users\z003srtv\.m2\repository\org\ccil\cowan\tagsoup\tagsoup\1.2.1\tagsoup-1.2.1.jar;C:\Users\z003srtv\.m2\repository\io\rest-assured\xml-path\4.3.1\xml-path-4.3.1.jar;C:\Users\z003srtv\.m2\repository\jakarta\xml\bind\jakarta.xml.bind-api\2.3.3\jakarta.xml.bind-api-2.3.3.jar;C:\Users\z003srtv\.m2\repository\jakarta\activation\jakarta.activation-api\1.2.2\jakarta.activation-api-1.2.2.jar;C:\Users\z003srtv\.m2\repository\com\sun\xml\bind\jaxb-impl\2.3.3\jaxb-impl-2.3.3.jar;C:\Users\z003srtv\.m2\repository\io\rest-assured\json-path\4.3.1\json-path-4.3.1.jar;C:\Users\z003srtv\.m2\repository\org\codehaus\groovy\groovy-json\3.0.3\groovy-json-3.0.3.jar;C:\Users\z003srtv\.m2\repository\io\rest-assured\json-schema-validator\4.3.1\json-schema-validator-4.3.1.jar;C:\Users\z003srtv\.m2\repository\com\github\java-json-tools\json-schema-validator\2.2.10\json-schema-validator-2.2.10.jar;C:\Users\z003srtv\.m2\repository\com\github\java-json-tools\json-schema-core\1.2.10\json-schema-core-1.2.10.jar;C:\Users\z003srtv\.m2\repository\com\github\java-json-tools\jackson-coreutils\1.9\jackson-coreutils-1.9.jar;C:\Users\z003srtv\.m2\repository\com\fasterxml\jackson\core\jackson-databind\2.2.3\jackson-databind-2.2.3.jar;C:\Users\z003srtv\.m2\repository\com\fasterxml\jackson\core\jackson-annotations\2.2.3\jackson-annotations-2.2.3.jar;C:\Users\z003srtv\.m2\repository\com\fasterxml\jackson\core\jackson-core\2.2.3\jackson-core-2.2.3.jar;C:\Users\z003srtv\.m2\repository\com\google\guava\guava\16.0.1\guava-16.0.1.jar;C:\Users\z003srtv\.m2\repository\com\github\fge\msg-simple\1.1\msg-simple-1.1.jar;C:\Users\z003srtv\.m2\repository\com\github\fge\btf\1.2\btf-1.2.jar;C:\Users\z003srtv\.m2\repository\com\github\fge\uri-template\0.9\uri-template-0.9.jar;C:\Users\z003srtv\.m2\repository\org\mozilla\rhino\1.7.7.1\rhino-1.7.7.1.jar;C:\Users\z003srtv\.m2\repository\javax\mail\mailapi\1.4.3\mailapi-1.4.3.jar;C:\Users\z003srtv\.m2\repository\javax\activation\activation\1.1\activation-1.1.jar;C:\Users\z003srtv\.m2\repository\joda-time\joda-time\2.9.7\joda-time-2.9.7.jar;C:\Users\z003srtv\.m2\repository\com\googlecode\libphonenumber\libphonenumber\8.0.0\libphonenumber-8.0.0.jar;C:\Users\z003srtv\.m2\repository\com\google\code\findbugs\jsr305\3.0.1\jsr305-3.0.1.jar;C:\Users\z003srtv\.m2\repository\net\sf\jopt-simple\jopt-simple\5.0.3\jopt-simple-5.0.3.jar;C:\Users\z003srtv\.m2\repository\io\rest-assured\rest-assured-common\4.3.1\rest-assured-common-4.3.1.jar;C:\Users\z003srtv\.m2\repository\org\apache\commons\commons-lang3\3.4\commons-lang3-3.4.jar;C:\Users\z003srtv\.m2\repository\org\apache\logging\log4j\log4j-core\2.13.3\log4j-core-2.13.3.jar;C:\Users\z003srtv\.m2\repository\org\apache\logging\log4j\log4j-api\2.13.3\log4j-api-2.13.3.jar;C:\Users\z003srtv\.m2\repository\org\json\json\20200518\json-20200518.jar;"/>
    <property name="java.vm.vendor" value="Azul Systems, Inc."/>
    <property name="sun.arch.data.model" value="64"/>
    <property name="user.variant" value=""/>
    <property name="java.vendor.url" value="http://www.azulsystems.com/"/>
    <property name="user.timezone" value="Europe/Istanbul"/>
    <property name="user.country.format" value="TR"/>
    <property name="os.name" value="Windows 10"/>
    <property name="java.vm.specification.version" value="15"/>
    <property name="sun.java.launcher" value="SUN_STANDARD"/>
    <property name="user.country" value="US"/>
    <property name="sun.boot.library.path" value="C:\Users\z003srtv\eclipse-workspace\zuluJavaPack\zulu15.28.13-ca-jdk15.0.1-win_x64\bin"/>
    <property name="sun.java.command" value="C:\Users\z003srtv\AppData\Local\Temp\surefire2467663754977573306\surefirebooter10704957049748167889.jar C:\Users\z003srtv\AppData\Local\Temp\surefire2467663754977573306 2020-11-11T00-58-56_665-jvmRun1 surefire14007805999761001388tmp surefire_011637339606702435476tmp"/>
    <property name="jdk.debug" value="release"/>
    <property name="surefire.test.class.path" value="C:\Users\z003srtv\eclipse-workspace\java_API_Test\target\test-classes;C:\Users\z003srtv\eclipse-workspace\java_API_Test\target\classes;C:\Users\z003srtv\.m2\repository\junit\junit\4.11\junit-4.11.jar;C:\Users\z003srtv\.m2\repository\org\hamcrest\hamcrest-core\1.3\hamcrest-core-1.3.jar;C:\Users\z003srtv\.m2\repository\io\cucumber\cucumber-java\6.8.1\cucumber-java-6.8.1.jar;C:\Users\z003srtv\.m2\repository\org\apiguardian\apiguardian-api\1.1.0\apiguardian-api-1.1.0.jar;C:\Users\z003srtv\.m2\repository\io\cucumber\gherkin\15.0.2\gherkin-15.0.2.jar;C:\Users\z003srtv\.m2\repository\io\cucumber\messages\13.1.0\messages-13.1.0.jar;C:\Users\z003srtv\.m2\repository\io\cucumber\cucumber-junit\6.8.1\cucumber-junit-6.8.1.jar;C:\Users\z003srtv\.m2\repository\io\cucumber\cucumber-core\6.8.1\cucumber-core-6.8.1.jar;C:\Users\z003srtv\.m2\repository\io\cucumber\cucumber-gherkin\6.8.1\cucumber-gherkin-6.8.1.jar;C:\Users\z003srtv\.m2\repository\io\cucumber\cucumber-gherkin-messages\6.8.1\cucumber-gherkin-messages-6.8.1.jar;C:\Users\z003srtv\.m2\repository\io\cucumber\tag-expressions\3.0.0\tag-expressions-3.0.0.jar;C:\Users\z003srtv\.m2\repository\io\cucumber\cucumber-expressions\10.3.0\cucumber-expressions-10.3.0.jar;C:\Users\z003srtv\.m2\repository\io\cucumber\datatable\3.5.0\datatable-3.5.0.jar;C:\Users\z003srtv\.m2\repository\io\cucumber\cucumber-plugin\6.8.1\cucumber-plugin-6.8.1.jar;C:\Users\z003srtv\.m2\repository\io\cucumber\docstring\6.8.1\docstring-6.8.1.jar;C:\Users\z003srtv\.m2\repository\io\cucumber\html-formatter\9.0.0\html-formatter-9.0.0.jar;C:\Users\z003srtv\.m2\repository\io\cucumber\create-meta\2.0.2\create-meta-2.0.2.jar;C:\Users\z003srtv\.m2\repository\io\rest-assured\rest-assured\4.3.1\rest-assured-4.3.1.jar;C:\Users\z003srtv\.m2\repository\org\codehaus\groovy\groovy\3.0.3\groovy-3.0.3.jar;C:\Users\z003srtv\.m2\repository\org\codehaus\groovy\groovy-xml\3.0.3\groovy-xml-3.0.3.jar;C:\Users\z003srtv\.m2\repository\org\apache\httpcomponents\httpclient\4.5.3\httpclient-4.5.3.jar;C:\Users\z003srtv\.m2\repository\org\apache\httpcomponents\httpcore\4.4.6\httpcore-4.4.6.jar;C:\Users\z003srtv\.m2\repository\commons-logging\commons-logging\1.2\commons-logging-1.2.jar;C:\Users\z003srtv\.m2\repository\commons-codec\commons-codec\1.9\commons-codec-1.9.jar;C:\Users\z003srtv\.m2\repository\org\apache\httpcomponents\httpmime\4.5.3\httpmime-4.5.3.jar;C:\Users\z003srtv\.m2\repository\org\hamcrest\hamcrest\2.1\hamcrest-2.1.jar;C:\Users\z003srtv\.m2\repository\org\ccil\cowan\tagsoup\tagsoup\1.2.1\tagsoup-1.2.1.jar;C:\Users\z003srtv\.m2\repository\io\rest-assured\xml-path\4.3.1\xml-path-4.3.1.jar;C:\Users\z003srtv\.m2\repository\jakarta\xml\bind\jakarta.xml.bind-api\2.3.3\jakarta.xml.bind-api-2.3.3.jar;C:\Users\z003srtv\.m2\repository\jakarta\activation\jakarta.activation-api\1.2.2\jakarta.activation-api-1.2.2.jar;C:\Users\z003srtv\.m2\repository\com\sun\xml\bind\jaxb-impl\2.3.3\jaxb-impl-2.3.3.jar;C:\Users\z003srtv\.m2\repository\io\rest-assured\json-path\4.3.1\json-path-4.3.1.jar;C:\Users\z003srtv\.m2\repository\org\codehaus\groovy\groovy-json\3.0.3\groovy-json-3.0.3.jar;C:\Users\z003srtv\.m2\repository\io\rest-assured\json-schema-validator\4.3.1\json-schema-validator-4.3.1.jar;C:\Users\z003srtv\.m2\repository\com\github\java-json-tools\json-schema-validator\2.2.10\json-schema-validator-2.2.10.jar;C:\Users\z003srtv\.m2\repository\com\github\java-json-tools\json-schema-core\1.2.10\json-schema-core-1.2.10.jar;C:\Users\z003srtv\.m2\repository\com\github\java-json-tools\jackson-coreutils\1.9\jackson-coreutils-1.9.jar;C:\Users\z003srtv\.m2\repository\com\fasterxml\jackson\core\jackson-databind\2.2.3\jackson-databind-2.2.3.jar;C:\Users\z003srtv\.m2\repository\com\fasterxml\jackson\core\jackson-annotations\2.2.3\jackson-annotations-2.2.3.jar;C:\Users\z003srtv\.m2\repository\com\fasterxml\jackson\core\jackson-core\2.2.3\jackson-core-2.2.3.jar;C:\Users\z003srtv\.m2\repository\com\google\guava\guava\16.0.1\guava-16.0.1.jar;C:\Users\z003srtv\.m2\repository\com\github\fge\msg-simple\1.1\msg-simple-1.1.jar;C:\Users\z003srtv\.m2\repository\com\github\fge\btf\1.2\btf-1.2.jar;C:\Users\z003srtv\.m2\repository\com\github\fge\uri-template\0.9\uri-template-0.9.jar;C:\Users\z003srtv\.m2\repository\org\mozilla\rhino\1.7.7.1\rhino-1.7.7.1.jar;C:\Users\z003srtv\.m2\repository\javax\mail\mailapi\1.4.3\mailapi-1.4.3.jar;C:\Users\z003srtv\.m2\repository\javax\activation\activation\1.1\activation-1.1.jar;C:\Users\z003srtv\.m2\repository\joda-time\joda-time\2.9.7\joda-time-2.9.7.jar;C:\Users\z003srtv\.m2\repository\com\googlecode\libphonenumber\libphonenumber\8.0.0\libphonenumber-8.0.0.jar;C:\Users\z003srtv\.m2\repository\com\google\code\findbugs\jsr305\3.0.1\jsr305-3.0.1.jar;C:\Users\z003srtv\.m2\repository\net\sf\jopt-simple\jopt-simple\5.0.3\jopt-simple-5.0.3.jar;C:\Users\z003srtv\.m2\repository\io\rest-assured\rest-assured-common\4.3.1\rest-assured-common-4.3.1.jar;C:\Users\z003srtv\.m2\repository\org\apache\commons\commons-lang3\3.4\commons-lang3-3.4.jar;C:\Users\z003srtv\.m2\repository\org\apache\logging\log4j\log4j-core\2.13.3\log4j-core-2.13.3.jar;C:\Users\z003srtv\.m2\repository\org\apache\logging\log4j\log4j-api\2.13.3\log4j-api-2.13.3.jar;C:\Users\z003srtv\.m2\repository\org\json\json\20200518\json-20200518.jar;"/>
    <property name="sun.cpu.endian" value="little"/>
    <property name="user.home" value="C:\Users\z003srtv"/>
    <property name="user.language" value="en"/>
    <property name="java.specification.vendor" value="Oracle Corporation"/>
    <property name="java.version.date" value="2020-10-20"/>
    <property name="java.home" value="C:\Users\z003srtv\eclipse-workspace\zuluJavaPack\zulu15.28.13-ca-jdk15.0.1-win_x64"/>
    <property name="file.separator" value="\"/>
    <property name="basedir" value="C:\Users\z003srtv\eclipse-workspace\java_API_Test"/>
    <property name="java.vm.compressedOopsMode" value="Zero based"/>
    <property name="line.separator" value="&#10;"/>
    <property name="java.vm.specification.vendor" value="Oracle Corporation"/>
    <property name="java.specification.name" value="Java Platform API Specification"/>
    <property name="surefire.real.class.path" value="C:\Users\z003srtv\AppData\Local\Temp\surefire2467663754977573306\surefirebooter10704957049748167889.jar"/>
    <property name="user.script" value=""/>
    <property name="sun.management.compiler" value="HotSpot 64-Bit Tiered Compilers"/>
    <property name="java.runtime.version" value="15.0.1+8"/>
    <property name="user.name" value="z003srtv"/>
    <property name="path.separator" value=";"/>
    <property name="os.version" value="10.0"/>
    <property name="java.runtime.name" value="OpenJDK Runtime Environment"/>
    <property name="file.encoding" value="Cp1254"/>
    <property name="java.vm.name" value="OpenJDK 64-Bit Server VM"/>
    <property name="java.vendor.version" value="Zulu15.28+13-CA"/>
    <property name="localRepository" value="C:\Users\z003srtv\.m2\repository"/>
    <property name="java.vendor.url.bug" value="http://www.azulsystems.com/support/"/>
    <property name="java.io.tmpdir" value="C:\Users\z003srtv\AppData\Local\Temp\"/>
    <property name="java.version" value="15.0.1"/>
    <property name="user.dir" value="C:\Users\z003srtv\eclipse-workspace\java_API_Test"/>
    <property name="os.arch" value="amd64"/>
    <property name="java.vm.specification.name" value="Java Virtual Machine Specification"/>
    <property name="user.language.format" value="tr"/>
    <property name="sun.os.patch.level" value=""/>
    <property name="java.library.path" value="C:\Users\z003srtv\eclipse-workspace\zuluJavaPack\zulu15.28.13-ca-jdk15.0.1-win_x64\bin;C:\WINDOWS\Sun\Java\bin;C:\WINDOWS\system32;C:\WINDOWS;C:\Users\z003srtv\bin;C:\Program Files\Git\mingw64\bin;C:\Program Files\Git\usr\local\bin;C:\Program Files\Git\usr\bin;C:\Program Files\Git\usr\bin;C:\Program Files\Git\mingw64\bin;C:\Program Files\Git\usr\bin;C:\Users\z003srtv\bin;C:\Program Files (x86)\VMware\VMware Player\bin;C:\Users\z003srtv\Documents\SeleniumDocs\chromedriver_win32;C:\Users\z003srtv\Documents\Azul_java\zulu14.28.21-ca-jdk14.0.1-win_x64\bin;C:\Program Files\Java\jdk-11.0.6\bin;C:\Users\z003srtv\AppData\Local\Android\Sdk;C:\Users\z003srtv\AppData\Local\Android\Sdk\platform-tools;C:\Users\z003srtv\AppData\Local\Android\Sdk\tools;C:\Users\z003srtv\AppData\Local\Android\Sdk\tools\bin;C:\Program Files\Android\Android Studio\jre;C:\Program Files\Android\Android Studio\jre\bin;C:\Users\z003srtv\eclipse-workspace\mavenPack\apache-maven-3.6.3\bin;C:\Users\z003srtv\eclipse-workspace\mavenPack\apache-maven-3.6.3;C:\WINDOWS\system32;C:\WINDOWS;C:\WINDOWS\System32\Wbem;C:\WINDOWS\System32\WindowsPowerShell\v1.0;C:\WINDOWS\System32\OpenSSH;C:\Users\z003srtv\AppData\Local\Programs\Python\Python37;C:\Users\z003srtv\AppData\Local\Programs\Python\Python37\Scripts;C:\usr\local\bin;C:\Program Files\Git\cmd;D:\src\flutter\bin;C:\Program Files\nodejs;C:\Users\z003srtv\AppData\Roaming\npm;C:\Program Files\PuTTY;C:\Program Files\IcedTeaWeb\WebStart\bin;C:\Users\z003srtv\eclipse-workspace\zuluJavaPack\zulu15.28.13-ca-jre15.0.1-win_x64;C:\Users\z003srtv\eclipse-workspace\zuluJavaPack\zulu15.28.13-ca-jre15.0.1-win_x64\bin;C:\Users\z003srtv\AppData\Local\Programs\Python\Python37;C:\Users\z003srtv\AppData\Local\Programs\Python\Python37\Scripts;C:\Users\z003srtv\AppData\Local\Microsoft\WindowsApps;C:\Program Files (x86)\Nmap;C:\Users\z003srtv\Documents\Azul_java\zulu14.28.21-ca-jdk14.0.1-win_x64;C:\Users\z003srtv\Documents\Azul_java\zulu14.28.21-ca-jdk14.0.1-win_x64\bin;C:\Users\z003srtv\Documents\SeleniumDocs\chromedriver_win32;C:\Program Files\Java\jdk-11.0.6\bin;C:\Users\z003srtv\AppData\Local\Android\Sdk;C:\Users\z003srtv\AppData\Local\Android\Sdk\platform-tools;C:\Users\z003srtv\AppData\Local\Android\Sdk\tools;C:\Users\z003srtv\AppData\Local\Android\Sdk\tools\bin;C:\Program Files\nodejs;C:\Program Files\Android\Android Studio\jre;C:\Program Files\Android\Android Studio\jre\bin;C:\Users\z003srtv\eclipse-workspace\mavenPack\apache-maven-3.6.3\bin;C:\Users\z003srtv\eclipse-workspace\mavenPack\apache-maven-3.6.3;C:\Program Files\JetBrains\PyCharm Community Edition 2020.1.1\bin;C:\usr\local\bin;D:\src\flutter\bin;C:\Users\z003srtv\AppData\Roaming\npm;C:\Program Files\Git\usr\bin\vendor_perl;C:\Program Files\Git\usr\bin\core_perl;."/>
    <property name="java.vm.info" value="mixed mode, sharing"/>
    <property name="java.vendor" value="Azul Systems, Inc."/>
    <property name="java.vm.version" value="15.0.1+8"/>
    <property name="sun.io.unicode.encoding" value="UnicodeLittle"/>
    <property name="java.class.version" value="59.0"/>
  </properties>
  <testcase name="Verify signup API functionality #1" classname="Delete User" time="0.444"/>
  <testcase name="Verify signup API functionality #2" classname="Delete User" time="0.191"/>
  <testcase name="Verify signup API functionality #3" classname="Delete User" time="0.066"/>
  <testcase name="Verify signup API functionality #4" classname="Delete User" time="0.195"/>
  <testcase name="Verify signup API functionality #5" classname="Delete User" time="0.173"/>
</testsuite>